Train Accuracy:
0.11491511762142181
0.15992103517055511
0.19313067197799683
0.2191867232322693
0.23756809532642365
0.2524121403694153
0.2646506130695343
0.27655744552612305
0.2837110161781311
0.2948914170265198

Validation Accuracy:
0.1133333370089531
0.1066666692495346
0.15111111104488373
0.20222222805023193
0.19555556774139404
0.21111111342906952
0.2222222238779068
0.24000000953674316
0.2244444489479065
0.21111111342906952

Train Loss:
0.027014985447856122
0.025103181232071375
0.02399933090616581
0.02309904467104171
0.02240902971101287
0.02187547590343838
0.02140283674201709
0.02100938310182664
0.020692178023647423
0.020346094666852624

Validation Loss:
0.03003857824537489
0.032645779185824925
0.03126973787943522
0.027818308936225042
0.025956272549099393
0.02677187230851915
0.02397909720738729
0.024119130240546332
0.024208321041531033
0.025680633121066623
